<?xml version="1.0" encoding="UTF-8"?>
<testsuite name="pl.java_QA.addressbook.test.GroupDeletionTests" tests="1" skipped="0" failures="0" errors="0" timestamp="2019-02-24T20:45:36" hostname="Jack-Komputer" time="2.6">
  <properties/>
  <testcase name="testGroupDeletion" classname="pl.java_QA.addressbook.test.GroupDeletionTests" time="2.6"/>
  <system-out><![CDATA[]]></system-out>
  <system-err><![CDATA[]]></system-err>
</testsuite>
