<?xml version="1.0" encoding="UTF-8"?>
<testsuite name="pl.java_QA.addressbook.test.ContactDeleteTests" tests="1" skipped="0" failures="0" errors="0" timestamp="2019-02-24T20:46:10" hostname="Jack-Komputer" time="3.206">
  <properties/>
  <testcase name="testContactDeleteTests" classname="pl.java_QA.addressbook.test.ContactDeleteTests" time="3.206"/>
  <system-out><![CDATA[]]></system-out>
  <system-err><![CDATA[]]></system-err>
</testsuite>
