<?xml version="1.0" encoding="UTF-8"?>
<testsuite name="pl.java_QA.addressbook.test.GroupCreationTests" tests="3" skipped="0" failures="0" errors="0" timestamp="2019-02-24T20:45:17" hostname="Jack-Komputer" time="14.766">
  <properties/>
  <testcase name="testGroupCreation[0](GroupData{id='2147483647', name='group 0'})" classname="pl.java_QA.addressbook.test.GroupCreationTests" time="6.964"/>
  <testcase name="testGroupCreation[1](GroupData{id='2147483647', name='group 1'})" classname="pl.java_QA.addressbook.test.GroupCreationTests" time="4.001"/>
  <testcase name="testGroupCreation[2](GroupData{id='2147483647', name='group 2'})" classname="pl.java_QA.addressbook.test.GroupCreationTests" time="3.799"/>
  <system-out><![CDATA[]]></system-out>
  <system-err><![CDATA[]]></system-err>
</testsuite>
