<?xml version="1.0" encoding="UTF-8"?>
<testsuite name="pl.java_QA.addressbook.test.ContactCreationTests" tests="3" skipped="0" failures="0" errors="0" timestamp="2019-02-24T20:45:39" hostname="Jack-Komputer" time="22.088">
  <properties/>
  <testcase name="testContactCreation[0](ContactData{id=0, firstname='firstname 0', lastname='lastname 0'})" classname="pl.java_QA.addressbook.test.ContactCreationTests" time="8.839"/>
  <testcase name="testContactCreation[1](ContactData{id=0, firstname='firstname 1', lastname='lastname 1'})" classname="pl.java_QA.addressbook.test.ContactCreationTests" time="6.438"/>
  <testcase name="testContactCreation[2](ContactData{id=0, firstname='firstname 2', lastname='lastname 2'})" classname="pl.java_QA.addressbook.test.ContactCreationTests" time="6.811"/>
  <system-out><![CDATA[]]></system-out>
  <system-err><![CDATA[Security framework of XStream not initialized, XStream is probably vulnerable.
]]></system-err>
</testsuite>
